[2026-05-30 17:58:19Z INFO HostContext] No proxy settings were found based on environmental variables (http_proxy/https_proxy/HTTP_PROXY/HTTPS_PROXY)
[2026-05-30 17:58:19Z INFO HostContext] Well known directory 'Bin': 'C:\Users\matia\OneDrive\Escritorio\clases\devops 2026\tienda-tech-LOCAL\actions-runner\bin'
[2026-05-30 17:58:19Z INFO HostContext] Well known directory 'Root': 'C:\Users\matia\OneDrive\Escritorio\clases\devops 2026\tienda-tech-LOCAL\actions-runner'
[2026-05-30 17:58:19Z INFO HostContext] Well known config file 'Credentials': 'C:\Users\matia\OneDrive\Escritorio\clases\devops 2026\tienda-tech-LOCAL\actions-runner\.credentials'
[2026-05-30 17:58:19Z INFO HostContext] Well known directory 'Bin': 'C:\Users\matia\OneDrive\Escritorio\clases\devops 2026\tienda-tech-LOCAL\actions-runner\bin'
[2026-05-30 17:58:19Z INFO HostContext] Well known directory 'Root': 'C:\Users\matia\OneDrive\Escritorio\clases\devops 2026\tienda-tech-LOCAL\actions-runner'
[2026-05-30 17:58:19Z INFO HostContext] Well known config file 'Runner': 'C:\Users\matia\OneDrive\Escritorio\clases\devops 2026\tienda-tech-LOCAL\actions-runner\.runner'
[2026-05-30 17:58:19Z INFO Listener] Runner is built for Windows (X64) - win-x64.
[2026-05-30 17:58:19Z INFO Listener] RuntimeInformation: Microsoft Windows 10.0.26200.
[2026-05-30 17:58:19Z INFO Listener] Version: 2.334.0
[2026-05-30 17:58:19Z INFO Listener] Commit: f1995ede5d885c997d13d8eca5467c4ce97fe69c
[2026-05-30 17:58:19Z INFO Listener] Culture: es-CL
[2026-05-30 17:58:19Z INFO Listener] UI Culture: es-MX
[2026-05-30 17:58:19Z INFO HostContext] Well known directory 'Bin': 'C:\Users\matia\OneDrive\Escritorio\clases\devops 2026\tienda-tech-LOCAL\actions-runner\bin'
[2026-05-30 17:58:19Z INFO HostContext] Well known directory 'Root': 'C:\Users\matia\OneDrive\Escritorio\clases\devops 2026\tienda-tech-LOCAL\actions-runner'
[2026-05-30 17:58:19Z INFO Listener] Validating directory permissions for: 'C:\Users\matia\OneDrive\Escritorio\clases\devops 2026\tienda-tech-LOCAL\actions-runner'
[2026-05-30 17:58:19Z INFO CommandLineParser] Parse
[2026-05-30 17:58:19Z INFO CommandLineParser] Parsing 5 args
[2026-05-30 17:58:19Z INFO CommandLineParser] parsing argument
[2026-05-30 17:58:19Z INFO CommandLineParser] HasArgs: False
[2026-05-30 17:58:19Z INFO CommandLineParser] Adding Command: configure
[2026-05-30 17:58:19Z INFO CommandLineParser] parsing argument
[2026-05-30 17:58:19Z INFO CommandLineParser] HasArgs: True
[2026-05-30 17:58:19Z INFO CommandLineParser] arg: url
[2026-05-30 17:58:19Z INFO CommandLineParser] parsing argument
[2026-05-30 17:58:19Z INFO CommandLineParser] HasArgs: True
[2026-05-30 17:58:19Z INFO CommandLineParser] Adding option 'url': 'https://github.com/DarllCHL/evaluacion_devops_2026_2'
[2026-05-30 17:58:19Z INFO CommandLineParser] parsing argument
[2026-05-30 17:58:19Z INFO CommandLineParser] HasArgs: True
[2026-05-30 17:58:19Z INFO CommandLineParser] arg: token
[2026-05-30 17:58:19Z INFO CommandLineParser] parsing argument
[2026-05-30 17:58:19Z INFO CommandLineParser] HasArgs: True
[2026-05-30 17:58:19Z INFO CommandLineParser] Adding option 'token': '***'
[2026-05-30 17:58:19Z INFO Listener] Arguments parsed
[2026-05-30 17:58:19Z INFO Runner] ExecuteCommand
[2026-05-30 17:58:19Z INFO ConfigurationStore] currentAssemblyLocation: C:\Users\matia\OneDrive\Escritorio\clases\devops 2026\tienda-tech-LOCAL\actions-runner\bin\Runner.Listener.dll
[2026-05-30 17:58:19Z INFO HostContext] Well known directory 'Bin': 'C:\Users\matia\OneDrive\Escritorio\clases\devops 2026\tienda-tech-LOCAL\actions-runner\bin'
[2026-05-30 17:58:19Z INFO ConfigurationStore] binPath: C:\Users\matia\OneDrive\Escritorio\clases\devops 2026\tienda-tech-LOCAL\actions-runner\bin
[2026-05-30 17:58:19Z INFO HostContext] Well known directory 'Bin': 'C:\Users\matia\OneDrive\Escritorio\clases\devops 2026\tienda-tech-LOCAL\actions-runner\bin'
[2026-05-30 17:58:19Z INFO HostContext] Well known directory 'Root': 'C:\Users\matia\OneDrive\Escritorio\clases\devops 2026\tienda-tech-LOCAL\actions-runner'
[2026-05-30 17:58:19Z INFO ConfigurationStore] RootFolder: C:\Users\matia\OneDrive\Escritorio\clases\devops 2026\tienda-tech-LOCAL\actions-runner
[2026-05-30 17:58:19Z INFO HostContext] Well known directory 'Bin': 'C:\Users\matia\OneDrive\Escritorio\clases\devops 2026\tienda-tech-LOCAL\actions-runner\bin'
[2026-05-30 17:58:19Z INFO HostContext] Well known directory 'Root': 'C:\Users\matia\OneDrive\Escritorio\clases\devops 2026\tienda-tech-LOCAL\actions-runner'
[2026-05-30 17:58:19Z INFO HostContext] Well known config file 'Runner': 'C:\Users\matia\OneDrive\Escritorio\clases\devops 2026\tienda-tech-LOCAL\actions-runner\.runner'
[2026-05-30 17:58:19Z INFO ConfigurationStore] ConfigFilePath: C:\Users\matia\OneDrive\Escritorio\clases\devops 2026\tienda-tech-LOCAL\actions-runner\.runner
[2026-05-30 17:58:19Z INFO HostContext] Well known directory 'Bin': 'C:\Users\matia\OneDrive\Escritorio\clases\devops 2026\tienda-tech-LOCAL\actions-runner\bin'
[2026-05-30 17:58:19Z INFO HostContext] Well known directory 'Root': 'C:\Users\matia\OneDrive\Escritorio\clases\devops 2026\tienda-tech-LOCAL\actions-runner'
[2026-05-30 17:58:19Z INFO HostContext] Well known config file 'MigratedRunner': 'C:\Users\matia\OneDrive\Escritorio\clases\devops 2026\tienda-tech-LOCAL\actions-runner\.runner_migrated'
[2026-05-30 17:58:19Z INFO ConfigurationStore] MigratedConfigFilePath: C:\Users\matia\OneDrive\Escritorio\clases\devops 2026\tienda-tech-LOCAL\actions-runner\.runner_migrated
[2026-05-30 17:58:19Z INFO HostContext] Well known directory 'Bin': 'C:\Users\matia\OneDrive\Escritorio\clases\devops 2026\tienda-tech-LOCAL\actions-runner\bin'
[2026-05-30 17:58:19Z INFO HostContext] Well known directory 'Root': 'C:\Users\matia\OneDrive\Escritorio\clases\devops 2026\tienda-tech-LOCAL\actions-runner'
[2026-05-30 17:58:19Z INFO HostContext] Well known config file 'Credentials': 'C:\Users\matia\OneDrive\Escritorio\clases\devops 2026\tienda-tech-LOCAL\actions-runner\.credentials'
[2026-05-30 17:58:19Z INFO ConfigurationStore] CredFilePath: C:\Users\matia\OneDrive\Escritorio\clases\devops 2026\tienda-tech-LOCAL\actions-runner\.credentials
[2026-05-30 17:58:19Z INFO HostContext] Well known directory 'Bin': 'C:\Users\matia\OneDrive\Escritorio\clases\devops 2026\tienda-tech-LOCAL\actions-runner\bin'
[2026-05-30 17:58:19Z INFO HostContext] Well known directory 'Root': 'C:\Users\matia\OneDrive\Escritorio\clases\devops 2026\tienda-tech-LOCAL\actions-runner'
[2026-05-30 17:58:19Z INFO HostContext] Well known config file 'MigratedCredentials': 'C:\Users\matia\OneDrive\Escritorio\clases\devops 2026\tienda-tech-LOCAL\actions-runner\.credentials_migrated'
[2026-05-30 17:58:19Z INFO ConfigurationStore] MigratedCredFilePath: C:\Users\matia\OneDrive\Escritorio\clases\devops 2026\tienda-tech-LOCAL\actions-runner\.credentials_migrated
[2026-05-30 17:58:19Z INFO HostContext] Well known directory 'Bin': 'C:\Users\matia\OneDrive\Escritorio\clases\devops 2026\tienda-tech-LOCAL\actions-runner\bin'
[2026-05-30 17:58:19Z INFO HostContext] Well known directory 'Root': 'C:\Users\matia\OneDrive\Escritorio\clases\devops 2026\tienda-tech-LOCAL\actions-runner'
[2026-05-30 17:58:19Z INFO HostContext] Well known config file 'Service': 'C:\Users\matia\OneDrive\Escritorio\clases\devops 2026\tienda-tech-LOCAL\actions-runner\.service'
[2026-05-30 17:58:19Z INFO ConfigurationStore] ServiceConfigFilePath: C:\Users\matia\OneDrive\Escritorio\clases\devops 2026\tienda-tech-LOCAL\actions-runner\.service
[2026-05-30 17:58:19Z INFO CommandSettings] Flag 'help': 'False'
[2026-05-30 17:58:19Z INFO CommandSettings] Flag 'version': 'False'
[2026-05-30 17:58:19Z INFO CommandSettings] Flag 'commit': 'False'
[2026-05-30 17:58:19Z INFO CommandSettings] Flag 'check': 'False'
[2026-05-30 17:58:19Z INFO CommandSettings] Command 'configure': 'True'
[2026-05-30 17:58:19Z INFO Terminal] WRITE LINE: 
[2026-05-30 17:58:19Z INFO Terminal] WRITE LINE: --------------------------------------------------------------------------------
[2026-05-30 17:58:19Z INFO Terminal] WRITE LINE: |        ____ _ _   _   _       _          _        _   _                      |
[2026-05-30 17:58:19Z INFO Terminal] WRITE LINE: |       / ___(_) |_| | | |_   _| |__      / \   ___| |_(_) ___  _ __  ___      |
[2026-05-30 17:58:19Z INFO Terminal] WRITE LINE: |      | |  _| | __| |_| | | | | '_ \    / _ \ / __| __| |/ _ \| '_ \/ __|     |
[2026-05-30 17:58:19Z INFO Terminal] WRITE LINE: |      | |_| | | |_|  _  | |_| | |_) |  / ___ \ (__| |_| | (_) | | | \__ \     |
[2026-05-30 17:58:19Z INFO Terminal] WRITE LINE: |       \____|_|\__|_| |_|\__,_|_.__/  /_/   \_\___|\__|_|\___/|_| |_|___/     |
[2026-05-30 17:58:19Z INFO Terminal] WRITE LINE: |                                                                              |
[2026-05-30 17:58:19Z INFO Terminal] WRITE: |                       
[2026-05-30 17:58:19Z INFO Terminal] WRITE: Self-hosted runner registration
[2026-05-30 17:58:19Z INFO Terminal] WRITE LINE:                         |
[2026-05-30 17:58:19Z INFO Terminal] WRITE LINE: |                                                                              |
[2026-05-30 17:58:19Z INFO Terminal] WRITE LINE: --------------------------------------------------------------------------------
[2026-05-30 17:58:19Z INFO ConfigurationManager] ConfigureAsync
[2026-05-30 17:58:19Z INFO CommandSettings] Flag 'generateServiceConfig': 'False'
[2026-05-30 17:58:19Z INFO ConfigurationStore] IsConfigured()
[2026-05-30 17:58:19Z INFO ConfigurationStore] IsConfigured: False
[2026-05-30 17:58:19Z INFO ConfigurationManager] Is configured: False
[2026-05-30 17:58:19Z INFO CommandSettings] Arg 'url': 'https://github.com/DarllCHL/evaluacion_devops_2026_2'
[2026-05-30 17:58:19Z INFO CommandSettings] Remove url from Arg dictionary.
[2026-05-30 17:58:19Z INFO CommandSettings] Arg 'token': '***'
[2026-05-30 17:58:19Z INFO CommandSettings] Remove token from Arg dictionary.
[2026-05-30 17:58:19Z INFO ConfigurationManager] Http response code: OK from 'POST https://api.github.com/actions/runner-registration' (B5AB:164B39:677200:79BE44:6A1B253B)
[2026-05-30 17:58:19Z INFO ConfigurationManager] Using runner-admin flow: False
[2026-05-30 17:58:19Z INFO ConfigurationManager] cred retrieved via GitHub auth
[2026-05-30 17:58:19Z INFO RunnerServer] EstablishVssConnection
[2026-05-30 17:58:19Z INFO RunnerServer] Establish connection with 100 seconds timeout.
[2026-05-30 17:58:20Z INFO GitHubActionsService] Starting operation Location.GetConnectionData
[2026-05-30 17:58:20Z INFO RunnerServer] EstablishVssConnection
[2026-05-30 17:58:20Z INFO RunnerServer] Establish connection with 60 seconds timeout.
[2026-05-30 17:58:20Z INFO GitHubActionsService] Starting operation Location.GetConnectionData
[2026-05-30 17:58:20Z INFO RunnerServer] EstablishVssConnection
[2026-05-30 17:58:20Z INFO RunnerServer] Establish connection with 60 seconds timeout.
[2026-05-30 17:58:20Z INFO GitHubActionsService] Starting operation Location.GetConnectionData
[2026-05-30 17:58:20Z INFO GitHubActionsService] Finished operation Location.GetConnectionData
[2026-05-30 17:58:20Z INFO GitHubActionsService] Finished operation Location.GetConnectionData
[2026-05-30 17:58:20Z INFO GitHubActionsService] Finished operation Location.GetConnectionData
[2026-05-30 17:58:21Z INFO Terminal] WRITE LINE: 
[2026-05-30 17:58:21Z INFO ConfigurationManager] Test Connection complete.
[2026-05-30 17:58:21Z INFO HostContext] Well known directory 'Bin': 'C:\Users\matia\OneDrive\Escritorio\clases\devops 2026\tienda-tech-LOCAL\actions-runner\bin'
[2026-05-30 17:58:21Z INFO HostContext] Well known directory 'Root': 'C:\Users\matia\OneDrive\Escritorio\clases\devops 2026\tienda-tech-LOCAL\actions-runner'
[2026-05-30 17:58:21Z INFO HostContext] Well known config file 'RSACredentials': 'C:\Users\matia\OneDrive\Escritorio\clases\devops 2026\tienda-tech-LOCAL\actions-runner\.credentials_rsaparams'
[2026-05-30 17:58:21Z INFO RSAEncryptedFileKeyManager] Found existing RSA key parameters file C:\Users\matia\OneDrive\Escritorio\clases\devops 2026\tienda-tech-LOCAL\actions-runner\.credentials_rsaparams
[2026-05-30 17:58:21Z INFO CommandSettings] Arg 'runnergroup': ''
[2026-05-30 17:58:21Z INFO CommandSettings] Flag 'unattended': 'False'
[2026-05-30 17:58:21Z INFO PromptManager] ReadValue
[2026-05-30 17:58:21Z INFO Terminal] WRITE: Enter the name of the runner group to add this runner to: 
[2026-05-30 17:58:21Z INFO Terminal] WRITE: [press Enter for Default] 
[2026-05-30 17:58:21Z INFO Terminal] READ LINE
[2026-05-30 17:58:29Z INFO Terminal] Read value: ''
[2026-05-30 17:58:29Z INFO PromptManager] Falling back to the default: 'Default'
[2026-05-30 17:58:29Z INFO Terminal] WRITE LINE: 
[2026-05-30 17:58:29Z INFO ConfigurationManager] Found a self-hosted runner group with id 1 and name Default
[2026-05-30 17:58:29Z INFO CommandSettings] Flag 'disableupdate': 'False'
[2026-05-30 17:58:29Z INFO CommandSettings] Flag 'ephemeral': 'False'
[2026-05-30 17:58:29Z INFO CommandSettings] Arg 'name': ''
[2026-05-30 17:58:29Z INFO CommandSettings] Flag 'unattended': 'False'
[2026-05-30 17:58:29Z INFO PromptManager] ReadValue
[2026-05-30 17:58:29Z INFO Terminal] WRITE: Enter the name of runner: 
[2026-05-30 17:58:29Z INFO Terminal] WRITE: [press Enter for MATIAS_BUSTOS] 
[2026-05-30 17:58:29Z INFO Terminal] READ LINE
[2026-05-30 17:58:30Z INFO Terminal] Read value: ''
[2026-05-30 17:58:30Z INFO PromptManager] Falling back to the default: 'MATIAS_BUSTOS'
[2026-05-30 17:58:30Z INFO Terminal] WRITE LINE: 
[2026-05-30 17:58:30Z INFO CommandSettings] Arg 'labels': ''
[2026-05-30 17:58:30Z INFO CommandSettings] Flag 'unattended': 'False'
[2026-05-30 17:58:30Z INFO PromptManager] ReadValue
[2026-05-30 17:58:30Z INFO Terminal] WRITE: This runner will have the following labels: 'self-hosted', 'Windows', 'X64' 
Enter any additional labels (ex. label-1,label-2): 
[2026-05-30 17:58:30Z INFO Terminal] WRITE: [press Enter to skip] 
[2026-05-30 17:58:30Z INFO Terminal] READ LINE
[2026-05-30 17:58:33Z INFO Terminal] Read value: ''
[2026-05-30 17:58:33Z INFO Terminal] WRITE LINE: 
[2026-05-30 17:58:33Z INFO CommandSettings] Flag 'disableupdate': 'False'
[2026-05-30 17:58:33Z INFO CommandSettings] Flag 'no-default-labels': 'False'
[2026-05-30 17:58:34Z INFO CommandSettings] Flag 'disableupdate': 'False'
[2026-05-30 17:58:34Z INFO CommandSettings] Flag 'ephemeral': 'False'
[2026-05-30 17:58:34Z INFO ConfigurationStore] Saving OAuth credential @ C:\Users\matia\OneDrive\Escritorio\clases\devops 2026\tienda-tech-LOCAL\actions-runner\.credentials
[2026-05-30 17:58:34Z INFO ConfigurationStore] Delete exist runner credential file.
[2026-05-30 17:58:34Z INFO ConfigurationStore] Credentials Saved.
[2026-05-30 17:58:34Z INFO ConfigurationManager] Service enforced serverUrlV2: https://broker.actions.githubusercontent.com/
[2026-05-30 17:58:34Z INFO ConfigurationManager] Service enforced useV2Flow: True
[2026-05-30 17:58:34Z INFO CommandSettings] Arg 'work': ''
[2026-05-30 17:58:34Z INFO CommandSettings] Flag 'unattended': 'False'
[2026-05-30 17:58:34Z INFO PromptManager] ReadValue
[2026-05-30 17:58:34Z INFO Terminal] WRITE: Enter name of work folder: 
[2026-05-30 17:58:34Z INFO Terminal] WRITE: [press Enter for _work] 
[2026-05-30 17:58:34Z INFO Terminal] READ LINE
[2026-05-30 17:58:35Z INFO Terminal] Read value: ''
[2026-05-30 17:58:35Z INFO PromptManager] Falling back to the default: '_work'
[2026-05-30 17:58:35Z INFO ConfigurationStore] Saving runner settings.
[2026-05-30 17:58:35Z INFO ConfigurationStore] Settings Saved.
[2026-05-30 17:58:35Z INFO Terminal] WRITE LINE: 
[2026-05-30 17:58:35Z INFO Terminal] WRITE LINE: 
[2026-05-30 17:58:35Z INFO CommandSettings] Flag 'runasservice': 'False'
[2026-05-30 17:58:35Z INFO CommandSettings] Flag 'unattended': 'False'
[2026-05-30 17:58:35Z INFO PromptManager] ReadValue
[2026-05-30 17:58:35Z INFO Terminal] WRITE: Would you like to run the runner as service? (Y/N) 
[2026-05-30 17:58:35Z INFO Terminal] WRITE: [press Enter for N] 
[2026-05-30 17:58:35Z INFO Terminal] READ LINE
[2026-05-30 17:58:42Z INFO Terminal] Read value: 'y'
[2026-05-30 17:58:42Z INFO ConfigurationManager] Configuring to run the agent as service
[2026-05-30 17:58:42Z INFO CommandSettings] Arg 'windowslogonaccount': ''
[2026-05-30 17:58:42Z INFO CommandSettings] Flag 'unattended': 'False'
[2026-05-30 17:58:42Z INFO PromptManager] ReadValue
[2026-05-30 17:58:42Z INFO Terminal] WRITE: User account to use for the service 
[2026-05-30 17:58:42Z INFO Terminal] WRITE: [press Enter for NT AUTHORITY\NETWORK SERVICE] 
[2026-05-30 17:58:42Z INFO Terminal] READ LINE
[2026-05-30 17:58:46Z INFO Terminal] Read value: ''
[2026-05-30 17:58:46Z INFO PromptManager] Falling back to the default: 'NT AUTHORITY\NETWORK SERVICE'
[2026-05-30 17:58:46Z INFO WindowsServiceControlManager] LogonAccount after transforming: NT AUTHORITY\NETWORK SERVICE, user: NETWORK SERVICE, domain: NT AUTHORITY
[2026-05-30 17:58:46Z INFO WindowsServiceControlManager] Service name 'actions.runner.DarllCHL-evaluacion_devops_2026_2.MATIAS_BUSTOS' display name 'GitHub Actions Runner (DarllCHL-evaluacion_devops_2026_2.MATIAS_BUSTOS)' will be used for service configuration.
[2026-05-30 17:58:46Z INFO WindowsServiceControlManager] Verifying if the account has LogonAsService permission
[2026-05-30 17:58:46Z INFO NativeWindowsServiceHelper] Successfully grant logon as service privilege to account 'NETWORK SERVICE'
[2026-05-30 17:58:46Z INFO WindowsServiceControlManager] Create local group and grant folder permission to service logon account.
[2026-05-30 17:58:46Z INFO HostContext] Well known directory 'Bin': 'C:\Users\matia\OneDrive\Escritorio\clases\devops 2026\tienda-tech-LOCAL\actions-runner\bin'
[2026-05-30 17:58:46Z INFO HostContext] Well known directory 'Root': 'C:\Users\matia\OneDrive\Escritorio\clases\devops 2026\tienda-tech-LOCAL\actions-runner'
[2026-05-30 17:58:46Z INFO ConfigurationStore] Read setting file: 409 chars
[2026-05-30 17:58:46Z INFO HostContext] Well known directory 'Bin': 'C:\Users\matia\OneDrive\Escritorio\clases\devops 2026\tienda-tech-LOCAL\actions-runner\bin'
[2026-05-30 17:58:46Z INFO HostContext] Well known directory 'Root': 'C:\Users\matia\OneDrive\Escritorio\clases\devops 2026\tienda-tech-LOCAL\actions-runner'
[2026-05-30 17:58:46Z INFO HostContext] Well known directory 'Work': 'C:\Users\matia\OneDrive\Escritorio\clases\devops 2026\tienda-tech-LOCAL\actions-runner\_work'
[2026-05-30 17:58:46Z INFO HostContext] Well known directory 'Bin': 'C:\Users\matia\OneDrive\Escritorio\clases\devops 2026\tienda-tech-LOCAL\actions-runner\bin'
[2026-05-30 17:58:46Z INFO NativeWindowsServiceHelper] Calculated unique group name GITHUB_ActionsRunner_G3bb58
[2026-05-30 17:58:46Z INFO NativeWindowsServiceHelper] Trying to create group GITHUB_ActionsRunner_G3bb58
[2026-05-30 17:58:46Z INFO NativeWindowsServiceHelper] Local Group 'GITHUB_ActionsRunner_G3bb58' created
[2026-05-30 17:58:46Z INFO NativeWindowsServiceHelper] Trying to add userName NT AUTHORITY\NETWORK SERVICE to the group GITHUB_ActionsRunner_G3bb58
[2026-05-30 17:58:46Z INFO NativeWindowsServiceHelper] Account 'NT AUTHORITY\NETWORK SERVICE' is added to local group 'GITHUB_ActionsRunner_G3bb58'.
[2026-05-30 17:58:46Z INFO NativeWindowsServiceHelper] Set full access control to group for the folder C:\Users\matia\OneDrive\Escritorio\clases\devops 2026\tienda-tech-LOCAL\actions-runner
[2026-05-30 17:58:46Z INFO NativeWindowsServiceHelper] Set full access control to group for the folder C:\Users\matia\OneDrive\Escritorio\clases\devops 2026\tienda-tech-LOCAL\actions-runner\_work
[2026-05-30 17:58:46Z INFO NativeWindowsServiceHelper] Local group 'GITHUB_ActionsRunner_G3bb58' already has full control to path 'C:\Users\matia\OneDrive\Escritorio\clases\devops 2026\tienda-tech-LOCAL\actions-runner\_work'.
[2026-05-30 17:58:46Z INFO Terminal] WRITE LINE: Granting file permissions to 'NT AUTHORITY\NETWORK SERVICE'.
[2026-05-30 17:58:46Z INFO HostContext] Well known directory 'Bin': 'C:\Users\matia\OneDrive\Escritorio\clases\devops 2026\tienda-tech-LOCAL\actions-runner\bin'
[2026-05-30 17:58:46Z INFO ProcessInvokerWrapper] Starting process:
[2026-05-30 17:58:46Z INFO ProcessInvokerWrapper]   File name: '"C:\Users\matia\OneDrive\Escritorio\clases\devops 2026\tienda-tech-LOCAL\actions-runner\bin\RunnerService.exe"'
[2026-05-30 17:58:46Z INFO ProcessInvokerWrapper]   Arguments: 'init'
[2026-05-30 17:58:46Z INFO ProcessInvokerWrapper]   Working directory: ''
[2026-05-30 17:58:46Z INFO ProcessInvokerWrapper]   Require exit code zero: 'True'
[2026-05-30 17:58:46Z INFO ProcessInvokerWrapper]   Encoding web name:  ; code page: ''
[2026-05-30 17:58:46Z INFO ProcessInvokerWrapper]   Force kill process on cancellation: 'False'
[2026-05-30 17:58:46Z INFO ProcessInvokerWrapper]   Redirected STDIN: 'False'
[2026-05-30 17:58:46Z INFO ProcessInvokerWrapper]   Persist current code page: 'False'
[2026-05-30 17:58:46Z INFO ProcessInvokerWrapper]   Keep redirected STDIN open: 'False'
[2026-05-30 17:58:46Z INFO ProcessInvokerWrapper]   High priority process: 'False'
[2026-05-30 17:58:46Z INFO ProcessInvokerWrapper] Process started with process id 3332, waiting for process exit.
[2026-05-30 17:58:46Z INFO ProcessInvokerWrapper] STDOUT/STDERR stream read finished.
[2026-05-30 17:58:46Z INFO ProcessInvokerWrapper] STDOUT/STDERR stream read finished.
[2026-05-30 17:58:46Z INFO ProcessInvokerWrapper] Finished process 3332 with exit code 0, and elapsed time 00:00:00.1552202.
[2026-05-30 17:58:46Z INFO Terminal] WRITE LINE: Service actions.runner.DarllCHL-evaluacion_devops_2026_2.MATIAS_BUSTOS successfully installed
[2026-05-30 17:58:46Z INFO Terminal] WRITE LINE: Service actions.runner.DarllCHL-evaluacion_devops_2026_2.MATIAS_BUSTOS successfully set recovery option
[2026-05-30 17:58:46Z INFO Terminal] WRITE LINE: Service actions.runner.DarllCHL-evaluacion_devops_2026_2.MATIAS_BUSTOS successfully set to delayed auto start
[2026-05-30 17:58:46Z INFO Terminal] WRITE LINE: Service actions.runner.DarllCHL-evaluacion_devops_2026_2.MATIAS_BUSTOS successfully configured
[2026-05-30 17:58:46Z INFO HostContext] Well known directory 'Bin': 'C:\Users\matia\OneDrive\Escritorio\clases\devops 2026\tienda-tech-LOCAL\actions-runner\bin'
[2026-05-30 17:58:46Z INFO HostContext] Well known directory 'Root': 'C:\Users\matia\OneDrive\Escritorio\clases\devops 2026\tienda-tech-LOCAL\actions-runner'
[2026-05-30 17:58:46Z INFO HostContext] Well known config file 'Service': 'C:\Users\matia\OneDrive\Escritorio\clases\devops 2026\tienda-tech-LOCAL\actions-runner\.service'
[2026-05-30 17:58:46Z INFO WindowsServiceControlManager] Configuration was successful, trying to start the service
[2026-05-30 17:58:46Z INFO Terminal] WRITE LINE: Waiting for service to start...
[2026-05-30 17:59:47Z ERR  NativeWindowsServiceHelper] System.InvalidOperationException: Cannot start the service actions.runner.DarllCHL-evaluacion_devops_2026_2.MATIAS_BUSTOS in a timely fashion.
   at GitHub.Runner.Listener.Configuration.NativeWindowsServiceHelper.StartService(String serviceName)
[2026-05-30 17:59:47Z ERR  Terminal] WRITE ERROR: Cannot start the service. Check the logs for more details.
[2026-05-30 17:59:47Z ERR  Runner] System.InvalidOperationException: Cannot start the service actions.runner.DarllCHL-evaluacion_devops_2026_2.MATIAS_BUSTOS in a timely fashion.
   at GitHub.Runner.Listener.Configuration.NativeWindowsServiceHelper.StartService(String serviceName)
   at GitHub.Runner.Listener.Configuration.WindowsServiceControlManager.ConfigureService(RunnerSettings settings, CommandSettings command)
   at GitHub.Runner.Listener.Configuration.ConfigurationManager.ConfigureAsync(CommandSettings command)
   at GitHub.Runner.Listener.Runner.ExecuteCommand(CommandSettings command)
[2026-05-30 17:59:47Z ERR  Terminal] WRITE ERROR: Cannot start the service actions.runner.DarllCHL-evaluacion_devops_2026_2.MATIAS_BUSTOS in a timely fashion.
[2026-05-30 17:59:47Z INFO Listener] Runner execution has finished with return code 1
